<?xml version="1.0" encoding="UTF-8"?>
<!-- Generated by org.testng.reporters.JUnitReportReporter -->
<testsuite hostname="LAPTOP-KH9I5DHB" failures="0" tests="1" name="testcases.AmazonProductCheckoutTest" time="0.000" errors="0" timestamp="2025-07-08T13:59:00 IST" skipped="1">
  <testcase classname="testcases.AmazonProductCheckoutTest" name="useAddress" time="0.000">
    <skipped/>
  </testcase> <!-- useAddress -->
</testsuite> <!-- testcases.AmazonProductCheckoutTest -->
